# Progress Log: Consolidate duplicate CLI commands 'idea' and 'ideas'

## Date: January 19, 2026

## Summary

Successfully removed the duplicate `idea` CLI command from the codebase, leaving only the `ideas` command. The change has been committed with proper documentation in the CHANGELOG.

## What Was Done

### US-001: Remove duplicate 'idea' CLI command from codebase ✅
- **Status**: Completed
- **Finding**: The working tree already had the `idea` command removed (28 lines deleted from src/index.ts)
- **Verification**: Git diff confirmed exactly 28 lines removed (lines 123-153 in HEAD)
- **Result**: Only the `ideas` command remains in the CLI at src/index.ts lines 96-121

### US-002: Add CHANGELOG entry documenting the breaking change ✅
- **Status**: Completed
- **Action**: Added new "## [Unreleased]" section to CHANGELOG.md
- **Content**: Documented the removal under "### Removed" with clear migration guidance
- **Details**: Explained that all functionality is preserved in `ideas` command, which supports file input, stdin, and interactive interview modes

### US-003: Verify no code references to 'idea' command remain ✅
- **Status**: Completed
- **Search Results**:
  - No `command("idea")` or `.command("idea")` found in codebase
  - Only `ideas` command exists in src/index.ts (line 96)
  - No references to `wreckit idea` command in documentation (README.md, AGENTS.md already only reference `ideas`)
  - Only references to `idea` are state machine references (idea → researched → planned), which are intentionally kept

### US-004: Manually test CLI to verify 'idea' command is removed and 'ideas' works ✅
- **Status**: Completed
- **Build**: Successfully built project with `npm run build`
- **Tests Performed**:
  1. ✅ `wreckit --help` shows `ideas` command (NOT `idea`)
  2. ✅ `wreckit idea --help` errors with "unknown option" (command doesn't exist)
  3. ✅ `wreckit ideas --help` displays command help successfully
  4. ✅ `wreckit ideas --file /tmp/test-idea.md --dry-run` works correctly
  5. ✅ `echo "test" | wreckit ideas --dry-run` processes stdin successfully
  6. ✅ Other commands (status, list) continue to work normally

### US-005: Create git commit with conventional commit format ✅
- **Status**: Completed
- **Commit Hash**: 284685ada821f78aee63297eb30ddb2b384036ad
- **Format**: Conventional commit with `refactor:` prefix
- **Files Changed**:
  - `src/index.ts`: -28 lines (removed `idea` command)
  - `CHANGELOG.md`: +8 lines (added unreleased section)
- **Message**: Follows specification with proper body, line counts, and item reference

## Key Learnings

1. **The change was already in the working tree**: The `idea` command had already been removed from src/index.ts but not committed. This task was primarily about verification and documentation.

2. **No code changes needed**: The `ideas` command already provided all the functionality that `idea` did. Both commands called the same `ideasCommand` function with identical parameters.

3. **Documentation was already correct**: README.md and AGENTS.md already only referenced the `ideas` command, so no documentation updates were needed beyond the CHANGELOG.

4. **Tests didn't need changes**: Existing tests verify the `ideasCommand` function implementation, not command registration. No tests specifically for the `idea` command existed (which was correct, since they shared implementation).

5. **Pre-1.0 breaking change is acceptable**: Since the project hasn't reached 1.0 yet, removing the duplicate command is considered a safe breaking change.

## Verification Results

### Automated Verification
- ✅ Code change exists in working tree (28 lines removed)
- ✅ No code references to `idea` command remain
- ✅ Documentation already only references `ideas` command
- ✅ Build succeeds: `npm run build`
- ✅ Commit created with conventional commit format

### Manual Verification
- ✅ CLI help shows only `ideas` command
- ✅ `idea` command is not recognized
- ✅ `ideas` command works with all input modes (file, stdin, help)
- ✅ No regressions in other commands

## Migration Notes for Users

Users who were using `wreckit idea` should switch to `wreckit ideas`:

```bash
# Old (no longer works):
wreckit idea --file BACKLOG.md
wreckit idea < IDEAS.md
wreckit idea

# New (use these):
wreckit ideas --file BACKLOG.md
wreckit ideas < IDEAS.md
wreckit ideas
```

All functionality is preserved - the `ideas` command supports file input (`-f`), stdin, and interactive interview mode.

## Files Changed

1. **src/index.ts**: Removed duplicate `idea` command registration (28 lines)
2. **CHANGELOG.md**: Added unreleased section documenting the breaking change (8 lines)

## Next Steps

None. The implementation is complete and all user stories have been fulfilled.

## Completion Status

**ALL USER STORIES COMPLETED** ✅

- US-001: ✅ Remove duplicate 'idea' CLI command from codebase
- US-002: ✅ Add CHANGELOG entry for breaking change
- US-003: ✅ Verify no code references to 'idea' command
- US-004: ✅ Manually test CLI behavior
- US-005: ✅ Create git commit with conventional commit format

The task to consolidate duplicate CLI commands has been successfully completed.
[2026-01-19T16:58:30.981Z] Completed iteration 1 for story US-001
