# Progress Log

## 2026-01-19 - Implementation Complete

Successfully implemented all three user stories for adding guardrails against premature code changes in the idea agent:

### US-001: Add git status check and warning to ideasCommand
**Status:** ✅ Done

**Implementation:**
- Imported `hasUncommittedChanges` and `isGitRepo` from `src/git`
- Created `warnIfUncommittedChanges` helper function that:
  - Skips check in dry-run mode
  - Gracefully handles non-git repos
  - Shows non-blocking warning with emoji and clear messaging
- Called warning check at start of `ideasCommand` after finding root
- Warning message: "⚠️  You have uncommitted changes. The idea phase is for planning and exploration only. The agent is configured to read-only and cannot make code changes, but you may want to commit your work first."

**Files Modified:**
- `src/commands/ideas.ts` - Added imports, helper function, and call site

### US-002: Add git status check and warning to runIdeaInterview
**Status:** ✅ Done

**Implementation:**
- Imported `hasUncommittedChanges` and `isGitRepo` from `src/git`
- Added git status check after building SDK environment in `runIdeaInterview`
- Warning displayed via `console.log` (not logger) with line breaks for readability
- Warning appears before any interview UI elements
- Check gracefully handles non-git repos

**Files Modified:**
- `src/domain/ideas-interview.ts` - Added imports and warning check

### US-003: Add unit tests for git warning behavior
**Status:** ✅ Done

**Implementation:**
- Created new test suite "ideasCommand - git warnings"
- Added mocks for `hasUncommittedChanges` and `isGitRepo` functions
- Test cases:
  1. ✅ Warns when uncommitted changes exist
  2. ✅ Does not warn when repo is clean
  3. ✅ Does not warn in dry-run mode even with changes
  4. ✅ Does not warn outside git repo

**Test Results:**
- All 4 new tests pass
- All 11 existing tests still pass
- Total: 15 tests passing

**Files Modified:**
- `src/__tests__/commands/ideas.test.ts` - Added mocks and test suite

### Verification

**Automated Tests:** ✅ Pass
```bash
bun test --preload ./src/__tests__/test-preload.ts ./src/__tests__/commands/ideas.test.ts
15 pass, 0 fail
```

**Build:** ✅ Success
```bash
npm run build
Build success in 34ms
```

### Key Design Decisions

1. **Non-blocking warnings**: Used warnings instead of errors since users may have legitimate WIP changes during ideation
2. **Dry-run mode skip**: Consistent with existing workflow patterns (`itemWorkflow.ts` pre-flight checks)
3. **Graceful degradation**: No errors thrown when not in a git repo - check is simply skipped
4. **Logger vs console.log**: Used logger in `ideasCommand` (non-interactive), used console.log in interview mode (interactive UI formatting)
5. **Helper function**: Created `warnIfUncommittedChanges` for reusability and clear separation of concerns

### Notes

The implementation adds **communication**, not technical restrictions. The idea agent already has strong guardrails via `allowedTools` that prevent Read/Write/Bash operations. This change simply warns users about their git state before ideation begins.

### Commit

Commit: `503114a`
Message: "Add git status warnings before idea capture phase"

Files changed:
- `src/commands/ideas.ts` (+35 lines)
- `src/domain/ideas-interview.ts` (+15 lines)
- `src/__tests__/commands/ideas.test.ts` (+78 lines)
- `.wreckit/items/003-add-guardrails-against-premature-code-changes-in-i/prd.json` (new file)

### All Stories Status

✅ US-001: Add git status check and warning to ideasCommand - DONE
✅ US-002: Add git status check and warning to runIdeaInterview - DONE
✅ US-003: Add unit tests for git warning behavior - DONE
[2026-01-19T17:12:37.573Z] Completed iteration 1 for story US-001
